<?xml version="1.0" encoding="UTF-8"?>
<testsuite errors="0" failures="0" hostname="Frank" name="org.hangfire.daco.SolutionTest" tests="2" time="1.363" timestamp="2012-11-24T18:09:49">
  <properties />
  <testcase classname="org.hangfire.daco.SolutionTest" name="whenNothingThenApplicationContextAvailable" time="0.212" />
  <testcase classname="org.hangfire.daco.SolutionTest" name="givenAUrlIExpectProblemToParseThePuzzle" time="1.109" />
  <system-out><![CDATA[]]></system-out>
  <system-err><![CDATA[24-Nov-2012 18:09:49 org.springframework.context.support.AbstractApplicationContext prepareRefresh
INFO: Refreshing org.springframework.context.support.ClassPathXmlApplicationContext@1bbd23f: startup date [Sat Nov 24 18:09:49 GMT 2012]; root of context hierarchy
24-Nov-2012 18:09:49 org.springframework.beans.factory.xml.XmlBeanDefinitionReader loadBeanDefinitions
INFO: Loading XML bean definitions from class path resource [application-context.xml]
24-Nov-2012 18:09:49 org.springframework.beans.factory.support.DefaultListableBeanFactory preInstantiateSingletons
INFO: Pre-instantiating singletons in org.springframework.beans.factory.support.DefaultListableBeanFactory@18ce14a: defining beans []; root of factory hierarchy
]]></system-err>
</testsuite>
